0 info it worked if it ends with ok
1 verbose cli [ '/home/david/.nvm/versions/node/v5.10.1/bin/node',
1 verbose cli   '/home/david/.nvm/versions/node/v5.10.1/bin/npm',
1 verbose cli   'i' ]
2 info using npm@3.8.3
3 info using node@v5.10.1
4 silly loadCurrentTree Starting
5 silly install loadCurrentTree
6 silly install readLocalPackageData
7 silly install normalizeTree
8 silly loadCurrentTree Finishing
9 silly loadIdealTree Starting
10 silly install loadIdealTree
11 silly cloneCurrentTree Starting
12 silly install cloneCurrentTreeToIdealTree
13 silly cloneCurrentTree Finishing
14 silly loadShrinkwrap Starting
15 silly install loadShrinkwrap
16 silly loadShrinkwrap Finishing
17 silly loadAllDepsIntoIdealTree Starting
18 silly install loadAllDepsIntoIdealTree
19 silly fetchNamedPackageData fsevents
20 silly mapToRegistry name fsevents
21 silly mapToRegistry using default registry
22 silly mapToRegistry registry https://registry.npmjs.org/
23 silly mapToRegistry data Result {
23 silly mapToRegistry   raw: 'fsevents',
23 silly mapToRegistry   scope: null,
23 silly mapToRegistry   name: 'fsevents',
23 silly mapToRegistry   rawSpec: '',
23 silly mapToRegistry   spec: 'latest',
23 silly mapToRegistry   type: 'tag' }
24 silly mapToRegistry uri https://registry.npmjs.org/fsevents
25 verbose request uri https://registry.npmjs.org/fsevents
26 verbose request no auth needed
27 info attempt registry request try #1 at 10:44:40 PM
28 verbose request id a9410e537e8f254b
29 verbose etag "1QUQVXJX81R6H9MW4OZDK8QZY"
30 http request GET https://registry.npmjs.org/fsevents
31 http 304 https://registry.npmjs.org/fsevents
32 verbose headers { date: 'Fri, 01 Jul 2016 05:44:40 GMT',
32 verbose headers   via: '1.1 varnish',
32 verbose headers   'cache-control': 'max-age=300',
32 verbose headers   etag: '"1QUQVXJX81R6H9MW4OZDK8QZY"',
32 verbose headers   age: '259',
32 verbose headers   connection: 'keep-alive',
32 verbose headers   'x-served-by': 'cache-sjc3126-SJC',
32 verbose headers   'x-cache': 'HIT',
32 verbose headers   'x-cache-hits': '4',
32 verbose headers   'x-timer': 'S1467351880.328237,VS0,VE0',
32 verbose headers   vary: 'Accept-Encoding' }
33 silly get cb [ 304,
33 silly get   { date: 'Fri, 01 Jul 2016 05:44:40 GMT',
33 silly get     via: '1.1 varnish',
33 silly get     'cache-control': 'max-age=300',
33 silly get     etag: '"1QUQVXJX81R6H9MW4OZDK8QZY"',
33 silly get     age: '259',
33 silly get     connection: 'keep-alive',
33 silly get     'x-served-by': 'cache-sjc3126-SJC',
33 silly get     'x-cache': 'HIT',
33 silly get     'x-cache-hits': '4',
33 silly get     'x-timer': 'S1467351880.328237,VS0,VE0',
33 silly get     vary: 'Accept-Encoding' } ]
34 verbose etag https://registry.npmjs.org/fsevents from cache
35 verbose get saving fsevents to /home/david/.npm/registry.npmjs.org/fsevents/.cache.json
36 verbose correctMkdir /home/david/.npm correctMkdir not in flight; initializing
37 silly resolveWithNewModule fsevents@1.0.12 checking installable status
38 silly loadAllDepsIntoIdealTree Finishing
39 silly idealTree:prePrune Website@1.0.0
39 silly idealTree:prePrune ├── abbrev@1.0.7
39 silly idealTree:prePrune ├── accepts@1.2.13
39 silly idealTree:prePrune ├── ansi-regex@2.0.0
39 silly idealTree:prePrune ├── ansi-styles@2.2.1
39 silly idealTree:prePrune ├── ansi@0.3.1
39 silly idealTree:prePrune ├── anymatch@1.3.0
39 silly idealTree:prePrune ├── archy@1.0.0
39 silly idealTree:prePrune ├─┬ are-we-there-yet@1.1.2
39 silly idealTree:prePrune │ ├── isarray@1.0.0
39 silly idealTree:prePrune │ └── readable-stream@2.1.2
39 silly idealTree:prePrune ├── arr-diff@2.0.0
39 silly idealTree:prePrune ├── arr-flatten@1.0.1
39 silly idealTree:prePrune ├── array-differ@1.0.0
39 silly idealTree:prePrune ├── array-find-index@1.0.1
39 silly idealTree:prePrune ├── array-flatten@1.1.1
39 silly idealTree:prePrune ├── array-index@1.0.0
39 silly idealTree:prePrune ├── array-uniq@1.0.2
39 silly idealTree:prePrune ├── array-unique@0.2.1
39 silly idealTree:prePrune ├── arrify@1.0.1
39 silly idealTree:prePrune ├── asn1@0.2.3
39 silly idealTree:prePrune ├── assert-plus@0.2.0
39 silly idealTree:prePrune ├── async-each@1.0.0
39 silly idealTree:prePrune ├── async-foreach@0.1.3
39 silly idealTree:prePrune ├── async@1.5.2
39 silly idealTree:prePrune ├── aws-sign2@0.6.0
39 silly idealTree:prePrune ├── aws4@1.4.1
39 silly idealTree:prePrune ├── balanced-match@0.4.1
39 silly idealTree:prePrune ├── basic-auth@1.0.3
39 silly idealTree:prePrune ├── beeper@1.1.0
39 silly idealTree:prePrune ├── binary-extensions@1.5.0
39 silly idealTree:prePrune ├─┬ bl@1.1.2
39 silly idealTree:prePrune │ ├── isarray@1.0.0
39 silly idealTree:prePrune │ └── readable-stream@2.0.6
39 silly idealTree:prePrune ├── block-stream@0.0.9
39 silly idealTree:prePrune ├── bluebird@2.10.2
39 silly idealTree:prePrune ├── body-parser@1.15.0
39 silly idealTree:prePrune ├── boom@2.10.1
39 silly idealTree:prePrune ├── bower@1.7.9
39 silly idealTree:prePrune ├── brace-expansion@1.1.4
39 silly idealTree:prePrune ├── braces@1.8.5
39 silly idealTree:prePrune ├── bson@0.4.23
39 silly idealTree:prePrune ├── buffer-shims@1.0.0
39 silly idealTree:prePrune ├── builtin-modules@1.1.1
39 silly idealTree:prePrune ├── bytes@2.2.0
39 silly idealTree:prePrune ├── camelcase-keys@2.1.0
39 silly idealTree:prePrune ├── camelcase@2.1.1
39 silly idealTree:prePrune ├── caseless@0.11.0
39 silly idealTree:prePrune ├── chalk@1.1.3
39 silly idealTree:prePrune ├── chokidar@1.6.0
39 silly idealTree:prePrune ├── cliui@3.2.0
39 silly idealTree:prePrune ├── clone-stats@0.0.1
39 silly idealTree:prePrune ├── clone@1.0.2
39 silly idealTree:prePrune ├── code-point-at@1.0.0
39 silly idealTree:prePrune ├── colors@1.1.2
39 silly idealTree:prePrune ├── combined-stream@1.0.5
39 silly idealTree:prePrune ├── commander@2.9.0
39 silly idealTree:prePrune ├── concat-map@0.0.1
39 silly idealTree:prePrune ├── concat-with-sourcemaps@1.0.4
39 silly idealTree:prePrune ├─┬ configstore@1.4.0
39 silly idealTree:prePrune │ └── object-assign@4.1.0
39 silly idealTree:prePrune ├── content-disposition@0.5.1
39 silly idealTree:prePrune ├── content-type@1.0.1
39 silly idealTree:prePrune ├── convert-source-map@1.2.0
39 silly idealTree:prePrune ├── cookie-signature@1.0.6
39 silly idealTree:prePrune ├── cookie@0.1.5
39 silly idealTree:prePrune ├── core-util-is@1.0.2
39 silly idealTree:prePrune ├─┬ cross-spawn-async@2.2.2
39 silly idealTree:prePrune │ └── lru-cache@4.0.1
39 silly idealTree:prePrune ├── cryptiles@2.0.5
39 silly idealTree:prePrune ├── d@0.1.1
39 silly idealTree:prePrune ├─┬ dashdash@1.13.1
39 silly idealTree:prePrune │ └── assert-plus@1.0.0
39 silly idealTree:prePrune ├── dateformat@1.0.12
39 silly idealTree:prePrune ├── debug@2.2.0
39 silly idealTree:prePrune ├── decamelize@1.2.0
39 silly idealTree:prePrune ├── deep-extend@0.4.1
39 silly idealTree:prePrune ├── defaults@1.0.3
39 silly idealTree:prePrune ├── delayed-stream@1.0.0
39 silly idealTree:prePrune ├── delegates@1.0.0
39 silly idealTree:prePrune ├── depd@1.1.0
39 silly idealTree:prePrune ├── deprecated@0.0.1
39 silly idealTree:prePrune ├── destroy@1.0.4
39 silly idealTree:prePrune ├── dotenv@2.0.0
39 silly idealTree:prePrune ├── duplexer@0.1.1
39 silly idealTree:prePrune ├─┬ duplexer2@0.0.2
39 silly idealTree:prePrune │ └── readable-stream@1.1.14
39 silly idealTree:prePrune ├─┬ duplexify@3.4.3
39 silly idealTree:prePrune │ ├── end-of-stream@1.0.0
39 silly idealTree:prePrune │ ├── isarray@1.0.0
39 silly idealTree:prePrune │ └── readable-stream@2.1.4
39 silly idealTree:prePrune ├── ecc-jsbn@0.1.1
39 silly idealTree:prePrune ├── ee-first@1.1.1
39 silly idealTree:prePrune ├── end-of-stream@0.1.5
39 silly idealTree:prePrune ├── error-ex@1.3.0
39 silly idealTree:prePrune ├── es5-ext@0.10.11
39 silly idealTree:prePrune ├── es6-iterator@2.0.0
39 silly idealTree:prePrune ├── es6-promise@3.0.2
39 silly idealTree:prePrune ├── es6-symbol@3.0.2
39 silly idealTree:prePrune ├── escape-html@1.0.3
39 silly idealTree:prePrune ├── escape-string-regexp@1.0.5
39 silly idealTree:prePrune ├── etag@1.7.0
39 silly idealTree:prePrune ├── event-stream@3.3.3
39 silly idealTree:prePrune ├── expand-brackets@0.1.5
39 silly idealTree:prePrune ├── expand-range@1.8.2
39 silly idealTree:prePrune ├─┬ express@4.13.4
39 silly idealTree:prePrune │ └── qs@4.0.0
39 silly idealTree:prePrune ├── extend@2.0.1
39 silly idealTree:prePrune ├── extglob@0.3.2
39 silly idealTree:prePrune ├── extsprintf@1.0.2
39 silly idealTree:prePrune ├── fancy-log@1.2.0
39 silly idealTree:prePrune ├── filename-regex@2.0.0
39 silly idealTree:prePrune ├── fill-range@2.2.3
39 silly idealTree:prePrune ├── finalhandler@0.4.1
39 silly idealTree:prePrune ├── find-index@0.1.1
39 silly idealTree:prePrune ├── find-up@1.1.2
39 silly idealTree:prePrune ├── findup-sync@0.3.0
39 silly idealTree:prePrune ├── first-chunk-stream@1.0.0
39 silly idealTree:prePrune ├── flagged-respawn@0.3.2
39 silly idealTree:prePrune ├── for-in@0.1.5
39 silly idealTree:prePrune ├── for-own@0.1.4
39 silly idealTree:prePrune ├── forever-agent@0.6.1
39 silly idealTree:prePrune ├── form-data@1.0.0-rc4
39 silly idealTree:prePrune ├── forwarded@0.1.0
39 silly idealTree:prePrune ├── fresh@0.3.0
39 silly idealTree:prePrune ├── from@0.1.3
39 silly idealTree:prePrune ├── fstream@1.0.9
39 silly idealTree:prePrune ├── gauge@1.2.7
39 silly idealTree:prePrune ├── gaze@0.5.2
39 silly idealTree:prePrune ├── generate-function@2.0.0
39 silly idealTree:prePrune ├── generate-object-property@1.2.0
39 silly idealTree:prePrune ├── get-stdin@4.0.1
39 silly idealTree:prePrune ├─┬ getpass@0.1.6
39 silly idealTree:prePrune │ └── assert-plus@1.0.0
39 silly idealTree:prePrune ├── glob-base@0.3.0
39 silly idealTree:prePrune ├── glob-parent@2.0.0
39 silly idealTree:prePrune ├─┬ glob-stream@3.1.18
39 silly idealTree:prePrune │ ├── glob@4.5.3
39 silly idealTree:prePrune │ ├── minimatch@2.0.10
39 silly idealTree:prePrune │ ├── readable-stream@1.0.34
39 silly idealTree:prePrune │ └── through2@0.6.5
39 silly idealTree:prePrune ├── glob-watcher@0.0.6
39 silly idealTree:prePrune ├── glob@5.0.15
39 silly idealTree:prePrune ├── glob2base@0.0.12
39 silly idealTree:prePrune ├─┬ globule@0.1.0
39 silly idealTree:prePrune │ ├── glob@3.1.21
39 silly idealTree:prePrune │ ├── graceful-fs@1.2.3
39 silly idealTree:prePrune │ ├── inherits@1.0.2
39 silly idealTree:prePrune │ └── minimatch@0.2.14
39 silly idealTree:prePrune ├── glogg@1.0.0
39 silly idealTree:prePrune ├── got@3.3.1
39 silly idealTree:prePrune ├── graceful-fs@4.1.4
39 silly idealTree:prePrune ├── graceful-readlink@1.0.1
39 silly idealTree:prePrune ├─┬ gulp-concat@2.6.0
39 silly idealTree:prePrune │ ├── readable-stream@1.0.34
39 silly idealTree:prePrune │ └── through2@0.6.5
39 silly idealTree:prePrune ├── gulp-nodemon@2.1.0
39 silly idealTree:prePrune ├── gulp-plumber@1.1.0
39 silly idealTree:prePrune ├─┬ gulp-sass@2.3.1
39 silly idealTree:prePrune │ └── object-assign@4.1.0
39 silly idealTree:prePrune ├─┬ gulp-sourcemaps@1.6.0
39 silly idealTree:prePrune │ └── vinyl@1.1.1
39 silly idealTree:prePrune ├── gulp-util@3.0.7
39 silly idealTree:prePrune ├─┬ gulp@3.9.1
39 silly idealTree:prePrune │ └── semver@4.3.6
39 silly idealTree:prePrune ├── gulplog@1.0.0
39 silly idealTree:prePrune ├── har-validator@2.0.6
39 silly idealTree:prePrune ├── has-ansi@2.0.0
39 silly idealTree:prePrune ├── has-gulplog@0.1.0
39 silly idealTree:prePrune ├── has-unicode@2.0.0
39 silly idealTree:prePrune ├── hawk@3.1.3
39 silly idealTree:prePrune ├── hoek@2.16.3
39 silly idealTree:prePrune ├── hooks-fixed@1.1.0
39 silly idealTree:prePrune ├── hosted-git-info@2.1.5
39 silly idealTree:prePrune ├── http-errors@1.4.0
39 silly idealTree:prePrune ├── http-signature@1.1.1
39 silly idealTree:prePrune ├── iconv-lite@0.4.13
39 silly idealTree:prePrune ├── ignore-by-default@1.0.1
39 silly idealTree:prePrune ├── imurmurhash@0.1.4
39 silly idealTree:prePrune ├── in-publish@2.0.0
39 silly idealTree:prePrune ├── indent-string@2.1.0
39 silly idealTree:prePrune ├── infinity-agent@2.0.3
39 silly idealTree:prePrune ├── inflight@1.0.5
39 silly idealTree:prePrune ├── inherits@2.0.1
39 silly idealTree:prePrune ├── ini@1.3.4
39 silly idealTree:prePrune ├── interpret@1.0.1
39 silly idealTree:prePrune ├── invert-kv@1.0.0
39 silly idealTree:prePrune ├── ipaddr.js@1.0.5
39 silly idealTree:prePrune ├── is-absolute@0.1.7
39 silly idealTree:prePrune ├── is-arrayish@0.2.1
39 silly idealTree:prePrune ├── is-binary-path@1.0.1
39 silly idealTree:prePrune ├── is-buffer@1.1.3
39 silly idealTree:prePrune ├── is-builtin-module@1.0.0
39 silly idealTree:prePrune ├── is-dotfile@1.0.2
39 silly idealTree:prePrune ├── is-equal-shallow@0.1.3
39 silly idealTree:prePrune ├── is-extendable@0.1.1
39 silly idealTree:prePrune ├── is-extglob@1.0.0
39 silly idealTree:prePrune ├── is-finite@1.0.1
39 silly idealTree:prePrune ├── is-fullwidth-code-point@1.0.0
39 silly idealTree:prePrune ├── is-glob@2.0.1
39 silly idealTree:prePrune ├── is-my-json-valid@2.13.1
39 silly idealTree:prePrune ├── is-npm@1.0.0
39 silly idealTree:prePrune ├── is-number@2.1.0
39 silly idealTree:prePrune ├── is-posix-bracket@0.1.1
39 silly idealTree:prePrune ├── is-primitive@2.0.0
39 silly idealTree:prePrune ├── is-property@1.0.2
39 silly idealTree:prePrune ├── is-redirect@1.0.0
39 silly idealTree:prePrune ├── is-relative@0.1.3
39 silly idealTree:prePrune ├── is-stream@1.1.0
39 silly idealTree:prePrune ├── is-typedarray@1.0.0
39 silly idealTree:prePrune ├── is-utf8@0.2.1
39 silly idealTree:prePrune ├── isarray@0.0.1
39 silly idealTree:prePrune ├── isexe@1.1.2
39 silly idealTree:prePrune ├─┬ isobject@2.1.0
39 silly idealTree:prePrune │ └── isarray@1.0.0
39 silly idealTree:prePrune ├── isstream@0.1.2
39 silly idealTree:prePrune ├── jodid25519@1.0.2
39 silly idealTree:prePrune ├── jsbn@0.1.0
39 silly idealTree:prePrune ├── json-schema@0.2.2
39 silly idealTree:prePrune ├── json-stringify-safe@5.0.1
39 silly idealTree:prePrune ├── jsonpointer@2.0.0
39 silly idealTree:prePrune ├── jsprim@1.2.2
39 silly idealTree:prePrune ├── kareem@1.0.1
39 silly idealTree:prePrune ├── kind-of@3.0.3
39 silly idealTree:prePrune ├── latest-version@1.0.1
39 silly idealTree:prePrune ├── lcid@1.0.0
39 silly idealTree:prePrune ├── liftoff@2.2.1
39 silly idealTree:prePrune ├── load-json-file@1.1.0
39 silly idealTree:prePrune ├── lodash._baseassign@3.2.0
39 silly idealTree:prePrune ├── lodash._basecopy@3.0.1
39 silly idealTree:prePrune ├── lodash._baseslice@4.0.0
39 silly idealTree:prePrune ├── lodash._basetostring@3.0.1
39 silly idealTree:prePrune ├── lodash._basevalues@3.0.0
39 silly idealTree:prePrune ├── lodash._bindcallback@3.0.1
39 silly idealTree:prePrune ├── lodash._createassigner@3.1.1
39 silly idealTree:prePrune ├── lodash._getnative@3.9.1
39 silly idealTree:prePrune ├── lodash._isiterateecall@3.0.9
39 silly idealTree:prePrune ├── lodash._reescape@3.0.0
39 silly idealTree:prePrune ├── lodash._reevaluate@3.0.0
39 silly idealTree:prePrune ├── lodash._reinterpolate@3.0.0
39 silly idealTree:prePrune ├── lodash._root@3.0.1
39 silly idealTree:prePrune ├── lodash.assign@3.2.0
39 silly idealTree:prePrune ├── lodash.defaults@3.1.2
39 silly idealTree:prePrune ├── lodash.escape@3.2.0
39 silly idealTree:prePrune ├── lodash.isarguments@3.0.8
39 silly idealTree:prePrune ├── lodash.isarray@3.0.4
39 silly idealTree:prePrune ├── lodash.keys@3.1.2
39 silly idealTree:prePrune ├─┬ lodash.pad@4.4.0
39 silly idealTree:prePrune │ └── lodash._basetostring@4.12.0
39 silly idealTree:prePrune ├─┬ lodash.padend@4.5.0
39 silly idealTree:prePrune │ └── lodash._basetostring@4.12.0
39 silly idealTree:prePrune ├─┬ lodash.padstart@4.5.0
39 silly idealTree:prePrune │ └── lodash._basetostring@4.12.0
39 silly idealTree:prePrune ├── lodash.restparam@3.6.1
39 silly idealTree:prePrune ├── lodash.template@3.6.2
39 silly idealTree:prePrune ├── lodash.templatesettings@3.1.1
39 silly idealTree:prePrune ├── lodash.tostring@4.1.3
39 silly idealTree:prePrune ├── lodash@1.0.2
39 silly idealTree:prePrune ├── loud-rejection@1.3.0
39 silly idealTree:prePrune ├── lowercase-keys@1.0.0
39 silly idealTree:prePrune ├── lru-cache@2.7.3
39 silly idealTree:prePrune ├── map-obj@1.0.1
39 silly idealTree:prePrune ├── map-stream@0.1.0
39 silly idealTree:prePrune ├── media-typer@0.3.0
39 silly idealTree:prePrune ├─┬ meow@3.7.0
39 silly idealTree:prePrune │ └── object-assign@4.1.0
39 silly idealTree:prePrune ├── merge-descriptors@1.0.1
39 silly idealTree:prePrune ├── methods@1.1.2
39 silly idealTree:prePrune ├── micromatch@2.3.10
39 silly idealTree:prePrune ├── mime-db@1.22.0
39 silly idealTree:prePrune ├── mime-types@2.1.10
39 silly idealTree:prePrune ├── mime@1.3.4
39 silly idealTree:prePrune ├── minimatch@3.0.0
39 silly idealTree:prePrune ├── minimist@1.2.0
39 silly idealTree:prePrune ├─┬ mkdirp@0.5.1
39 silly idealTree:prePrune │ └── minimist@0.0.8
39 silly idealTree:prePrune ├── mongodb-core@1.3.18
39 silly idealTree:prePrune ├── mongodb@2.1.18
39 silly idealTree:prePrune ├── mongoose@4.4.15
39 silly idealTree:prePrune ├── morgan@1.7.0
39 silly idealTree:prePrune ├── mpath@0.2.1
39 silly idealTree:prePrune ├── mpromise@0.5.5
39 silly idealTree:prePrune ├─┬ mquery@1.10.0
39 silly idealTree:prePrune │ └── sliced@0.0.5
39 silly idealTree:prePrune ├── ms@0.7.1
39 silly idealTree:prePrune ├── multipipe@0.1.2
39 silly idealTree:prePrune ├── muri@1.1.0
39 silly idealTree:prePrune ├── nan@2.3.3
39 silly idealTree:prePrune ├── negotiator@0.5.3
39 silly idealTree:prePrune ├── nested-error-stacks@1.0.2
39 silly idealTree:prePrune ├─┬ node-gyp@3.3.1
39 silly idealTree:prePrune │ ├─┬ glob@4.5.3
39 silly idealTree:prePrune │ │ └── minimatch@2.0.10
39 silly idealTree:prePrune │ └── minimatch@1.0.0
39 silly idealTree:prePrune ├─┬ node-sass@3.7.0
39 silly idealTree:prePrune │ ├── gaze@1.0.0
39 silly idealTree:prePrune │ ├─┬ glob@7.0.3
39 silly idealTree:prePrune │ │ └── minimatch@3.0.0
39 silly idealTree:prePrune │ ├─┬ globule@0.2.0
39 silly idealTree:prePrune │ │ └─┬ glob@3.2.11
39 silly idealTree:prePrune │ │   └── minimatch@0.3.0
39 silly idealTree:prePrune │ ├── lodash@2.4.2
39 silly idealTree:prePrune │ └── minimatch@0.2.14
39 silly idealTree:prePrune ├── node-uuid@1.4.7
39 silly idealTree:prePrune ├── nodemon@1.9.2
39 silly idealTree:prePrune ├── nopt@3.0.6
39 silly idealTree:prePrune ├── normalize-package-data@2.3.5
39 silly idealTree:prePrune ├── normalize-path@2.0.1
39 silly idealTree:prePrune ├── npmlog@2.0.3
39 silly idealTree:prePrune ├── number-is-nan@1.0.0
39 silly idealTree:prePrune ├── oauth-sign@0.8.2
39 silly idealTree:prePrune ├── object-assign@3.0.0
39 silly idealTree:prePrune ├── object.omit@2.0.0
39 silly idealTree:prePrune ├── on-finished@2.3.0
39 silly idealTree:prePrune ├── on-headers@1.0.1
39 silly idealTree:prePrune ├── once@1.3.3
39 silly idealTree:prePrune ├── orchestrator@0.3.7
39 silly idealTree:prePrune ├── ordered-read-streams@0.1.0
39 silly idealTree:prePrune ├── os-homedir@1.0.1
39 silly idealTree:prePrune ├── os-locale@1.4.0
39 silly idealTree:prePrune ├── os-tmpdir@1.0.1
39 silly idealTree:prePrune ├── osenv@0.1.3
39 silly idealTree:prePrune ├── package-json@1.2.0
39 silly idealTree:prePrune ├── parse-glob@3.0.4
39 silly idealTree:prePrune ├── parse-json@2.2.0
39 silly idealTree:prePrune ├── parseurl@1.3.1
39 silly idealTree:prePrune ├── path-array@1.0.1
39 silly idealTree:prePrune ├── path-exists@2.1.0
39 silly idealTree:prePrune ├── path-is-absolute@1.0.0
39 silly idealTree:prePrune ├── path-to-regexp@0.1.7
39 silly idealTree:prePrune ├── path-type@1.1.0
39 silly idealTree:prePrune ├── pause-stream@0.0.11
39 silly idealTree:prePrune ├── pify@2.3.0
39 silly idealTree:prePrune ├── pinkie-promise@2.0.1
39 silly idealTree:prePrune ├── pinkie@2.0.4
39 silly idealTree:prePrune ├── prepend-http@1.0.4
39 silly idealTree:prePrune ├── preserve@0.2.0
39 silly idealTree:prePrune ├── pretty-hrtime@1.0.2
39 silly idealTree:prePrune ├── process-nextick-args@1.0.7
39 silly idealTree:prePrune ├── proxy-addr@1.0.10
39 silly idealTree:prePrune ├── ps-tree@1.1.0
39 silly idealTree:prePrune ├── pseudomap@1.0.2
39 silly idealTree:prePrune ├── qs@6.1.0
39 silly idealTree:prePrune ├── randomatic@1.1.5
39 silly idealTree:prePrune ├── range-parser@1.0.3
39 silly idealTree:prePrune ├─┬ raw-body@2.1.6
39 silly idealTree:prePrune │ └── bytes@2.3.0
39 silly idealTree:prePrune ├── rc@1.1.6
39 silly idealTree:prePrune ├─┬ read-all-stream@3.1.0
39 silly idealTree:prePrune │ ├── isarray@1.0.0
39 silly idealTree:prePrune │ └── readable-stream@2.1.4
39 silly idealTree:prePrune ├── read-pkg-up@1.0.1
39 silly idealTree:prePrune ├── read-pkg@1.1.0
39 silly idealTree:prePrune ├── readable-stream@1.0.31
39 silly idealTree:prePrune ├─┬ readdirp@2.1.0
39 silly idealTree:prePrune │ ├── isarray@1.0.0
39 silly idealTree:prePrune │ ├── minimatch@3.0.2
39 silly idealTree:prePrune │ └── readable-stream@2.1.4
39 silly idealTree:prePrune ├── rechoir@0.6.2
39 silly idealTree:prePrune ├── redent@1.0.0
39 silly idealTree:prePrune ├── regex-cache@0.4.3
39 silly idealTree:prePrune ├── regexp-clone@0.0.1
39 silly idealTree:prePrune ├── registry-url@3.1.0
39 silly idealTree:prePrune ├── repeat-element@1.1.2
39 silly idealTree:prePrune ├── repeat-string@1.5.4
39 silly idealTree:prePrune ├── repeating@2.0.1
39 silly idealTree:prePrune ├── replace-ext@0.0.1
39 silly idealTree:prePrune ├─┬ request@2.72.0
39 silly idealTree:prePrune │ └── extend@3.0.0
39 silly idealTree:prePrune ├── require_optional@1.0.0
39 silly idealTree:prePrune ├── resolve-from@2.0.0
39 silly idealTree:prePrune ├── resolve@1.1.7
39 silly idealTree:prePrune ├─┬ rimraf@2.5.2
39 silly idealTree:prePrune │ └── glob@7.0.3
39 silly idealTree:prePrune ├─┬ sass-graph@2.1.1
39 silly idealTree:prePrune │ ├── glob@6.0.4
39 silly idealTree:prePrune │ └── lodash@4.12.0
39 silly idealTree:prePrune ├── semver-diff@2.1.0
39 silly idealTree:prePrune ├── semver@5.1.0
39 silly idealTree:prePrune ├─┬ send@0.13.1
39 silly idealTree:prePrune │ └── http-errors@1.3.1
39 silly idealTree:prePrune ├── sequencify@0.0.7
39 silly idealTree:prePrune ├── serve-static@1.10.2
39 silly idealTree:prePrune ├── set-immediate-shim@1.0.1
39 silly idealTree:prePrune ├── sigmund@1.0.1
39 silly idealTree:prePrune ├── signal-exit@2.1.2
39 silly idealTree:prePrune ├── sliced@1.0.1
39 silly idealTree:prePrune ├── slide@1.1.6
39 silly idealTree:prePrune ├── sntp@1.0.9
39 silly idealTree:prePrune ├── source-map@0.5.6
39 silly idealTree:prePrune ├── sparkles@1.0.0
39 silly idealTree:prePrune ├── spdx-correct@1.0.2
39 silly idealTree:prePrune ├── spdx-exceptions@1.0.4
39 silly idealTree:prePrune ├── spdx-expression-parse@1.0.2
39 silly idealTree:prePrune ├── spdx-license-ids@1.2.1
39 silly idealTree:prePrune ├── split@0.3.3
39 silly idealTree:prePrune ├─┬ sshpk@1.8.3
39 silly idealTree:prePrune │ └── assert-plus@1.0.0
39 silly idealTree:prePrune ├── statuses@1.2.1
39 silly idealTree:prePrune ├── stream-combiner@0.0.4
39 silly idealTree:prePrune ├── stream-consume@0.1.0
39 silly idealTree:prePrune ├── string_decoder@0.10.31
39 silly idealTree:prePrune ├── string-length@1.0.1
39 silly idealTree:prePrune ├── string-width@1.0.1
39 silly idealTree:prePrune ├── stringstream@0.0.5
39 silly idealTree:prePrune ├── strip-ansi@3.0.1
39 silly idealTree:prePrune ├── strip-bom@2.0.0
39 silly idealTree:prePrune ├── strip-indent@1.0.1
39 silly idealTree:prePrune ├── strip-json-comments@1.0.4
39 silly idealTree:prePrune ├── supports-color@2.0.0
39 silly idealTree:prePrune ├── tar@2.2.1
39 silly idealTree:prePrune ├── through@2.3.8
39 silly idealTree:prePrune ├─┬ through2@2.0.1
39 silly idealTree:prePrune │ ├── isarray@1.0.0
39 silly idealTree:prePrune │ └── readable-stream@2.0.6
39 silly idealTree:prePrune ├── tildify@1.2.0
39 silly idealTree:prePrune ├── time-stamp@1.0.1
39 silly idealTree:prePrune ├── timed-out@2.0.0
39 silly idealTree:prePrune ├─┬ touch@1.0.0
39 silly idealTree:prePrune │ └── nopt@1.0.10
39 silly idealTree:prePrune ├── tough-cookie@2.2.2
39 silly idealTree:prePrune ├── trim-newlines@1.0.0
39 silly idealTree:prePrune ├── tunnel-agent@0.4.3
39 silly idealTree:prePrune ├── tweetnacl@0.13.3
39 silly idealTree:prePrune ├── type-is@1.6.12
39 silly idealTree:prePrune ├── undefsafe@0.0.3
39 silly idealTree:prePrune ├── unique-stream@1.0.0
39 silly idealTree:prePrune ├── unpipe@1.0.0
39 silly idealTree:prePrune ├─┬ update-notifier@0.5.0
39 silly idealTree:prePrune │ └── repeating@1.1.3
39 silly idealTree:prePrune ├── user-home@1.1.1
39 silly idealTree:prePrune ├── util-deprecate@1.0.2
39 silly idealTree:prePrune ├── utils-merge@1.0.0
39 silly idealTree:prePrune ├── uuid@2.0.2
39 silly idealTree:prePrune ├── v8flags@2.0.11
39 silly idealTree:prePrune ├── validate-npm-package-license@3.0.1
39 silly idealTree:prePrune ├── vary@1.0.1
39 silly idealTree:prePrune ├── verror@1.3.6
39 silly idealTree:prePrune ├─┬ vinyl-fs@0.3.14
39 silly idealTree:prePrune │ ├── clone@0.2.0
39 silly idealTree:prePrune │ ├── graceful-fs@3.0.8
39 silly idealTree:prePrune │ ├── readable-stream@1.0.34
39 silly idealTree:prePrune │ ├── strip-bom@1.0.0
39 silly idealTree:prePrune │ ├── through2@0.6.5
39 silly idealTree:prePrune │ └── vinyl@0.4.6
39 silly idealTree:prePrune ├── vinyl-sourcemaps-apply@0.2.1
39 silly idealTree:prePrune ├── vinyl@0.5.3
39 silly idealTree:prePrune ├── which@1.2.8
39 silly idealTree:prePrune ├── window-size@0.1.4
39 silly idealTree:prePrune ├── wrap-ansi@2.0.0
39 silly idealTree:prePrune ├── wrappy@1.0.2
39 silly idealTree:prePrune ├── write-file-atomic@1.1.4
39 silly idealTree:prePrune ├── xdg-basedir@2.0.0
39 silly idealTree:prePrune ├── xtend@4.0.1
39 silly idealTree:prePrune ├── y18n@3.2.1
39 silly idealTree:prePrune ├── yallist@2.0.0
39 silly idealTree:prePrune └── yargs@3.32.0
40 silly loadIdealTree Finishing
41 silly currentTree Website@1.0.0
41 silly currentTree ├── abbrev@1.0.7
41 silly currentTree ├── accepts@1.2.13
41 silly currentTree ├── ansi-regex@2.0.0
41 silly currentTree ├── ansi-styles@2.2.1
41 silly currentTree ├── ansi@0.3.1
41 silly currentTree ├── anymatch@1.3.0
41 silly currentTree ├── archy@1.0.0
41 silly currentTree ├─┬ are-we-there-yet@1.1.2
41 silly currentTree │ ├── isarray@1.0.0
41 silly currentTree │ └── readable-stream@2.1.2
41 silly currentTree ├── arr-diff@2.0.0
41 silly currentTree ├── arr-flatten@1.0.1
41 silly currentTree ├── array-differ@1.0.0
41 silly currentTree ├── array-find-index@1.0.1
41 silly currentTree ├── array-flatten@1.1.1
41 silly currentTree ├── array-index@1.0.0
41 silly currentTree ├── array-uniq@1.0.2
41 silly currentTree ├── array-unique@0.2.1
41 silly currentTree ├── arrify@1.0.1
41 silly currentTree ├── asn1@0.2.3
41 silly currentTree ├── assert-plus@0.2.0
41 silly currentTree ├── async-each@1.0.0
41 silly currentTree ├── async-foreach@0.1.3
41 silly currentTree ├── async@1.5.2
41 silly currentTree ├── aws-sign2@0.6.0
41 silly currentTree ├── aws4@1.4.1
41 silly currentTree ├── balanced-match@0.4.1
41 silly currentTree ├── basic-auth@1.0.3
41 silly currentTree ├── beeper@1.1.0
41 silly currentTree ├── binary-extensions@1.5.0
41 silly currentTree ├─┬ bl@1.1.2
41 silly currentTree │ ├── isarray@1.0.0
41 silly currentTree │ └── readable-stream@2.0.6
41 silly currentTree ├── block-stream@0.0.9
41 silly currentTree ├── bluebird@2.10.2
41 silly currentTree ├── body-parser@1.15.0
41 silly currentTree ├── boom@2.10.1
41 silly currentTree ├── bower@1.7.9
41 silly currentTree ├── brace-expansion@1.1.4
41 silly currentTree ├── braces@1.8.5
41 silly currentTree ├── bson@0.4.23
41 silly currentTree ├── buffer-shims@1.0.0
41 silly currentTree ├── builtin-modules@1.1.1
41 silly currentTree ├── bytes@2.2.0
41 silly currentTree ├── camelcase-keys@2.1.0
41 silly currentTree ├── camelcase@2.1.1
41 silly currentTree ├── caseless@0.11.0
41 silly currentTree ├── chalk@1.1.3
41 silly currentTree ├── chokidar@1.6.0
41 silly currentTree ├── cliui@3.2.0
41 silly currentTree ├── clone-stats@0.0.1
41 silly currentTree ├── clone@1.0.2
41 silly currentTree ├── code-point-at@1.0.0
41 silly currentTree ├── colors@1.1.2
41 silly currentTree ├── combined-stream@1.0.5
41 silly currentTree ├── commander@2.9.0
41 silly currentTree ├── concat-map@0.0.1
41 silly currentTree ├── concat-with-sourcemaps@1.0.4
41 silly currentTree ├─┬ configstore@1.4.0
41 silly currentTree │ └── object-assign@4.1.0
41 silly currentTree ├── content-disposition@0.5.1
41 silly currentTree ├── content-type@1.0.1
41 silly currentTree ├── convert-source-map@1.2.0
41 silly currentTree ├── cookie-signature@1.0.6
41 silly currentTree ├── cookie@0.1.5
41 silly currentTree ├── core-util-is@1.0.2
41 silly currentTree ├─┬ cross-spawn-async@2.2.2
41 silly currentTree │ └── lru-cache@4.0.1
41 silly currentTree ├── cryptiles@2.0.5
41 silly currentTree ├── d@0.1.1
41 silly currentTree ├─┬ dashdash@1.13.1
41 silly currentTree │ └── assert-plus@1.0.0
41 silly currentTree ├── dateformat@1.0.12
41 silly currentTree ├── debug@2.2.0
41 silly currentTree ├── decamelize@1.2.0
41 silly currentTree ├── deep-extend@0.4.1
41 silly currentTree ├── defaults@1.0.3
41 silly currentTree ├── delayed-stream@1.0.0
41 silly currentTree ├── delegates@1.0.0
41 silly currentTree ├── depd@1.1.0
41 silly currentTree ├── deprecated@0.0.1
41 silly currentTree ├── destroy@1.0.4
41 silly currentTree ├── dotenv@2.0.0
41 silly currentTree ├── duplexer@0.1.1
41 silly currentTree ├─┬ duplexer2@0.0.2
41 silly currentTree │ └── readable-stream@1.1.14
41 silly currentTree ├─┬ duplexify@3.4.3
41 silly currentTree │ ├── end-of-stream@1.0.0
41 silly currentTree │ ├── isarray@1.0.0
41 silly currentTree │ └── readable-stream@2.1.4
41 silly currentTree ├── ecc-jsbn@0.1.1
41 silly currentTree ├── ee-first@1.1.1
41 silly currentTree ├── end-of-stream@0.1.5
41 silly currentTree ├── error-ex@1.3.0
41 silly currentTree ├── es5-ext@0.10.11
41 silly currentTree ├── es6-iterator@2.0.0
41 silly currentTree ├── es6-promise@3.0.2
41 silly currentTree ├── es6-symbol@3.0.2
41 silly currentTree ├── escape-html@1.0.3
41 silly currentTree ├── escape-string-regexp@1.0.5
41 silly currentTree ├── etag@1.7.0
41 silly currentTree ├── event-stream@3.3.3
41 silly currentTree ├── expand-brackets@0.1.5
41 silly currentTree ├── expand-range@1.8.2
41 silly currentTree ├─┬ express@4.13.4
41 silly currentTree │ └── qs@4.0.0
41 silly currentTree ├── extend@2.0.1
41 silly currentTree ├── extglob@0.3.2
41 silly currentTree ├── extsprintf@1.0.2
41 silly currentTree ├── fancy-log@1.2.0
41 silly currentTree ├── filename-regex@2.0.0
41 silly currentTree ├── fill-range@2.2.3
41 silly currentTree ├── finalhandler@0.4.1
41 silly currentTree ├── find-index@0.1.1
41 silly currentTree ├── find-up@1.1.2
41 silly currentTree ├── findup-sync@0.3.0
41 silly currentTree ├── first-chunk-stream@1.0.0
41 silly currentTree ├── flagged-respawn@0.3.2
41 silly currentTree ├── for-in@0.1.5
41 silly currentTree ├── for-own@0.1.4
41 silly currentTree ├── forever-agent@0.6.1
41 silly currentTree ├── form-data@1.0.0-rc4
41 silly currentTree ├── forwarded@0.1.0
41 silly currentTree ├── fresh@0.3.0
41 silly currentTree ├── from@0.1.3
41 silly currentTree ├── fstream@1.0.9
41 silly currentTree ├── gauge@1.2.7
41 silly currentTree ├── gaze@0.5.2
41 silly currentTree ├── generate-function@2.0.0
41 silly currentTree ├── generate-object-property@1.2.0
41 silly currentTree ├── get-stdin@4.0.1
41 silly currentTree ├─┬ getpass@0.1.6
41 silly currentTree │ └── assert-plus@1.0.0
41 silly currentTree ├── glob-base@0.3.0
41 silly currentTree ├── glob-parent@2.0.0
41 silly currentTree ├─┬ glob-stream@3.1.18
41 silly currentTree │ ├── glob@4.5.3
41 silly currentTree │ ├── minimatch@2.0.10
41 silly currentTree │ ├── readable-stream@1.0.34
41 silly currentTree │ └── through2@0.6.5
41 silly currentTree ├── glob-watcher@0.0.6
41 silly currentTree ├── glob@5.0.15
41 silly currentTree ├── glob2base@0.0.12
41 silly currentTree ├─┬ globule@0.1.0
41 silly currentTree │ ├── glob@3.1.21
41 silly currentTree │ ├── graceful-fs@1.2.3
41 silly currentTree │ ├── inherits@1.0.2
41 silly currentTree │ └── minimatch@0.2.14
41 silly currentTree ├── glogg@1.0.0
41 silly currentTree ├── got@3.3.1
41 silly currentTree ├── graceful-fs@4.1.4
41 silly currentTree ├── graceful-readlink@1.0.1
41 silly currentTree ├─┬ gulp-concat@2.6.0
41 silly currentTree │ ├── readable-stream@1.0.34
41 silly currentTree │ └── through2@0.6.5
41 silly currentTree ├── gulp-nodemon@2.1.0
41 silly currentTree ├── gulp-plumber@1.1.0
41 silly currentTree ├─┬ gulp-sass@2.3.1
41 silly currentTree │ └── object-assign@4.1.0
41 silly currentTree ├─┬ gulp-sourcemaps@1.6.0
41 silly currentTree │ └── vinyl@1.1.1
41 silly currentTree ├── gulp-util@3.0.7
41 silly currentTree ├─┬ gulp@3.9.1
41 silly currentTree │ └── semver@4.3.6
41 silly currentTree ├── gulplog@1.0.0
41 silly currentTree ├── har-validator@2.0.6
41 silly currentTree ├── has-ansi@2.0.0
41 silly currentTree ├── has-gulplog@0.1.0
41 silly currentTree ├── has-unicode@2.0.0
41 silly currentTree ├── hawk@3.1.3
41 silly currentTree ├── hoek@2.16.3
41 silly currentTree ├── hooks-fixed@1.1.0
41 silly currentTree ├── hosted-git-info@2.1.5
41 silly currentTree ├── http-errors@1.4.0
41 silly currentTree ├── http-signature@1.1.1
41 silly currentTree ├── iconv-lite@0.4.13
41 silly currentTree ├── ignore-by-default@1.0.1
41 silly currentTree ├── imurmurhash@0.1.4
41 silly currentTree ├── in-publish@2.0.0
41 silly currentTree ├── indent-string@2.1.0
41 silly currentTree ├── infinity-agent@2.0.3
41 silly currentTree ├── inflight@1.0.5
41 silly currentTree ├── inherits@2.0.1
41 silly currentTree ├── ini@1.3.4
41 silly currentTree ├── interpret@1.0.1
41 silly currentTree ├── invert-kv@1.0.0
41 silly currentTree ├── ipaddr.js@1.0.5
41 silly currentTree ├── is-absolute@0.1.7
41 silly currentTree ├── is-arrayish@0.2.1
41 silly currentTree ├── is-binary-path@1.0.1
41 silly currentTree ├── is-buffer@1.1.3
41 silly currentTree ├── is-builtin-module@1.0.0
41 silly currentTree ├── is-dotfile@1.0.2
41 silly currentTree ├── is-equal-shallow@0.1.3
41 silly currentTree ├── is-extendable@0.1.1
41 silly currentTree ├── is-extglob@1.0.0
41 silly currentTree ├── is-finite@1.0.1
41 silly currentTree ├── is-fullwidth-code-point@1.0.0
41 silly currentTree ├── is-glob@2.0.1
41 silly currentTree ├── is-my-json-valid@2.13.1
41 silly currentTree ├── is-npm@1.0.0
41 silly currentTree ├── is-number@2.1.0
41 silly currentTree ├── is-posix-bracket@0.1.1
41 silly currentTree ├── is-primitive@2.0.0
41 silly currentTree ├── is-property@1.0.2
41 silly currentTree ├── is-redirect@1.0.0
41 silly currentTree ├── is-relative@0.1.3
41 silly currentTree ├── is-stream@1.1.0
41 silly currentTree ├── is-typedarray@1.0.0
41 silly currentTree ├── is-utf8@0.2.1
41 silly currentTree ├── isarray@0.0.1
41 silly currentTree ├── isexe@1.1.2
41 silly currentTree ├─┬ isobject@2.1.0
41 silly currentTree │ └── isarray@1.0.0
41 silly currentTree ├── isstream@0.1.2
41 silly currentTree ├── jodid25519@1.0.2
41 silly currentTree ├── jsbn@0.1.0
41 silly currentTree ├── json-schema@0.2.2
41 silly currentTree ├── json-stringify-safe@5.0.1
41 silly currentTree ├── jsonpointer@2.0.0
41 silly currentTree ├── jsprim@1.2.2
41 silly currentTree ├── kareem@1.0.1
41 silly currentTree ├── kind-of@3.0.3
41 silly currentTree ├── latest-version@1.0.1
41 silly currentTree ├── lcid@1.0.0
41 silly currentTree ├── liftoff@2.2.1
41 silly currentTree ├── load-json-file@1.1.0
41 silly currentTree ├── lodash._baseassign@3.2.0
41 silly currentTree ├── lodash._basecopy@3.0.1
41 silly currentTree ├── lodash._baseslice@4.0.0
41 silly currentTree ├── lodash._basetostring@3.0.1
41 silly currentTree ├── lodash._basevalues@3.0.0
41 silly currentTree ├── lodash._bindcallback@3.0.1
41 silly currentTree ├── lodash._createassigner@3.1.1
41 silly currentTree ├── lodash._getnative@3.9.1
41 silly currentTree ├── lodash._isiterateecall@3.0.9
41 silly currentTree ├── lodash._reescape@3.0.0
41 silly currentTree ├── lodash._reevaluate@3.0.0
41 silly currentTree ├── lodash._reinterpolate@3.0.0
41 silly currentTree ├── lodash._root@3.0.1
41 silly currentTree ├── lodash.assign@3.2.0
41 silly currentTree ├── lodash.defaults@3.1.2
41 silly currentTree ├── lodash.escape@3.2.0
41 silly currentTree ├── lodash.isarguments@3.0.8
41 silly currentTree ├── lodash.isarray@3.0.4
41 silly currentTree ├── lodash.keys@3.1.2
41 silly currentTree ├─┬ lodash.pad@4.4.0
41 silly currentTree │ └── lodash._basetostring@4.12.0
41 silly currentTree ├─┬ lodash.padend@4.5.0
41 silly currentTree │ └── lodash._basetostring@4.12.0
41 silly currentTree ├─┬ lodash.padstart@4.5.0
41 silly currentTree │ └── lodash._basetostring@4.12.0
41 silly currentTree ├── lodash.restparam@3.6.1
41 silly currentTree ├── lodash.template@3.6.2
41 silly currentTree ├── lodash.templatesettings@3.1.1
41 silly currentTree ├── lodash.tostring@4.1.3
41 silly currentTree ├── lodash@1.0.2
41 silly currentTree ├── loud-rejection@1.3.0
41 silly currentTree ├── lowercase-keys@1.0.0
41 silly currentTree ├── lru-cache@2.7.3
41 silly currentTree ├── map-obj@1.0.1
41 silly currentTree ├── map-stream@0.1.0
41 silly currentTree ├── media-typer@0.3.0
41 silly currentTree ├─┬ meow@3.7.0
41 silly currentTree │ └── object-assign@4.1.0
41 silly currentTree ├── merge-descriptors@1.0.1
41 silly currentTree ├── methods@1.1.2
41 silly currentTree ├── micromatch@2.3.10
41 silly currentTree ├── mime-db@1.22.0
41 silly currentTree ├── mime-types@2.1.10
41 silly currentTree ├── mime@1.3.4
41 silly currentTree ├── minimatch@3.0.0
41 silly currentTree ├── minimist@1.2.0
41 silly currentTree ├─┬ mkdirp@0.5.1
41 silly currentTree │ └── minimist@0.0.8
41 silly currentTree ├── mongodb-core@1.3.18
41 silly currentTree ├── mongodb@2.1.18
41 silly currentTree ├── mongoose@4.4.15
41 silly currentTree ├── morgan@1.7.0
41 silly currentTree ├── mpath@0.2.1
41 silly currentTree ├── mpromise@0.5.5
41 silly currentTree ├─┬ mquery@1.10.0
41 silly currentTree │ └── sliced@0.0.5
41 silly currentTree ├── ms@0.7.1
41 silly currentTree ├── multipipe@0.1.2
41 silly currentTree ├── muri@1.1.0
41 silly currentTree ├── nan@2.3.3
41 silly currentTree ├── negotiator@0.5.3
41 silly currentTree ├── nested-error-stacks@1.0.2
41 silly currentTree ├─┬ node-gyp@3.3.1
41 silly currentTree │ ├─┬ glob@4.5.3
41 silly currentTree │ │ └── minimatch@2.0.10
41 silly currentTree │ └── minimatch@1.0.0
41 silly currentTree ├─┬ node-sass@3.7.0
41 silly currentTree │ ├── gaze@1.0.0
41 silly currentTree │ ├─┬ glob@7.0.3
41 silly currentTree │ │ └── minimatch@3.0.0
41 silly currentTree │ ├─┬ globule@0.2.0
41 silly currentTree │ │ └─┬ glob@3.2.11
41 silly currentTree │ │   └── minimatch@0.3.0
41 silly currentTree │ ├── lodash@2.4.2
41 silly currentTree │ └── minimatch@0.2.14
41 silly currentTree ├── node-uuid@1.4.7
41 silly currentTree ├── nodemon@1.9.2
41 silly currentTree ├── nopt@3.0.6
41 silly currentTree ├── normalize-package-data@2.3.5
41 silly currentTree ├── normalize-path@2.0.1
41 silly currentTree ├── npmlog@2.0.3
41 silly currentTree ├── number-is-nan@1.0.0
41 silly currentTree ├── oauth-sign@0.8.2
41 silly currentTree ├── object-assign@3.0.0
41 silly currentTree ├── object.omit@2.0.0
41 silly currentTree ├── on-finished@2.3.0
41 silly currentTree ├── on-headers@1.0.1
41 silly currentTree ├── once@1.3.3
41 silly currentTree ├── orchestrator@0.3.7
41 silly currentTree ├── ordered-read-streams@0.1.0
41 silly currentTree ├── os-homedir@1.0.1
41 silly currentTree ├── os-locale@1.4.0
41 silly currentTree ├── os-tmpdir@1.0.1
41 silly currentTree ├── osenv@0.1.3
41 silly currentTree ├── package-json@1.2.0
41 silly currentTree ├── parse-glob@3.0.4
41 silly currentTree ├── parse-json@2.2.0
41 silly currentTree ├── parseurl@1.3.1
41 silly currentTree ├── path-array@1.0.1
41 silly currentTree ├── path-exists@2.1.0
41 silly currentTree ├── path-is-absolute@1.0.0
41 silly currentTree ├── path-to-regexp@0.1.7
41 silly currentTree ├── path-type@1.1.0
41 silly currentTree ├── pause-stream@0.0.11
41 silly currentTree ├── pify@2.3.0
41 silly currentTree ├── pinkie-promise@2.0.1
41 silly currentTree ├── pinkie@2.0.4
41 silly currentTree ├── prepend-http@1.0.4
41 silly currentTree ├── preserve@0.2.0
41 silly currentTree ├── pretty-hrtime@1.0.2
41 silly currentTree ├── process-nextick-args@1.0.7
41 silly currentTree ├── proxy-addr@1.0.10
41 silly currentTree ├── ps-tree@1.1.0
41 silly currentTree ├── pseudomap@1.0.2
41 silly currentTree ├── qs@6.1.0
41 silly currentTree ├── randomatic@1.1.5
41 silly currentTree ├── range-parser@1.0.3
41 silly currentTree ├─┬ raw-body@2.1.6
41 silly currentTree │ └── bytes@2.3.0
41 silly currentTree ├── rc@1.1.6
41 silly currentTree ├─┬ read-all-stream@3.1.0
41 silly currentTree │ ├── isarray@1.0.0
41 silly currentTree │ └── readable-stream@2.1.4
41 silly currentTree ├── read-pkg-up@1.0.1
41 silly currentTree ├── read-pkg@1.1.0
41 silly currentTree ├── readable-stream@1.0.31
41 silly currentTree ├─┬ readdirp@2.1.0
41 silly currentTree │ ├── isarray@1.0.0
41 silly currentTree │ ├── minimatch@3.0.2
41 silly currentTree │ └── readable-stream@2.1.4
41 silly currentTree ├── rechoir@0.6.2
41 silly currentTree ├── redent@1.0.0
41 silly currentTree ├── regex-cache@0.4.3
41 silly currentTree ├── regexp-clone@0.0.1
41 silly currentTree ├── registry-url@3.1.0
41 silly currentTree ├── repeat-element@1.1.2
41 silly currentTree ├── repeat-string@1.5.4
41 silly currentTree ├── repeating@2.0.1
41 silly currentTree ├── replace-ext@0.0.1
41 silly currentTree ├─┬ request@2.72.0
41 silly currentTree │ └── extend@3.0.0
41 silly currentTree ├── require_optional@1.0.0
41 silly currentTree ├── resolve-from@2.0.0
41 silly currentTree ├── resolve@1.1.7
41 silly currentTree ├─┬ rimraf@2.5.2
41 silly currentTree │ └── glob@7.0.3
41 silly currentTree ├─┬ sass-graph@2.1.1
41 silly currentTree │ ├── glob@6.0.4
41 silly currentTree │ └── lodash@4.12.0
41 silly currentTree ├── semver-diff@2.1.0
41 silly currentTree ├── semver@5.1.0
41 silly currentTree ├─┬ send@0.13.1
41 silly currentTree │ └── http-errors@1.3.1
41 silly currentTree ├── sequencify@0.0.7
41 silly currentTree ├── serve-static@1.10.2
41 silly currentTree ├── set-immediate-shim@1.0.1
41 silly currentTree ├── sigmund@1.0.1
41 silly currentTree ├── signal-exit@2.1.2
41 silly currentTree ├── sliced@1.0.1
41 silly currentTree ├── slide@1.1.6
41 silly currentTree ├── sntp@1.0.9
41 silly currentTree ├── source-map@0.5.6
41 silly currentTree ├── sparkles@1.0.0
41 silly currentTree ├── spdx-correct@1.0.2
41 silly currentTree ├── spdx-exceptions@1.0.4
41 silly currentTree ├── spdx-expression-parse@1.0.2
41 silly currentTree ├── spdx-license-ids@1.2.1
41 silly currentTree ├── split@0.3.3
41 silly currentTree ├─┬ sshpk@1.8.3
41 silly currentTree │ └── assert-plus@1.0.0
41 silly currentTree ├── statuses@1.2.1
41 silly currentTree ├── stream-combiner@0.0.4
41 silly currentTree ├── stream-consume@0.1.0
41 silly currentTree ├── string_decoder@0.10.31
41 silly currentTree ├── string-length@1.0.1
41 silly currentTree ├── string-width@1.0.1
41 silly currentTree ├── stringstream@0.0.5
41 silly currentTree ├── strip-ansi@3.0.1
41 silly currentTree ├── strip-bom@2.0.0
41 silly currentTree ├── strip-indent@1.0.1
41 silly currentTree ├── strip-json-comments@1.0.4
41 silly currentTree ├── supports-color@2.0.0
41 silly currentTree ├── tar@2.2.1
41 silly currentTree ├── through@2.3.8
41 silly currentTree ├─┬ through2@2.0.1
41 silly currentTree │ ├── isarray@1.0.0
41 silly currentTree │ └── readable-stream@2.0.6
41 silly currentTree ├── tildify@1.2.0
41 silly currentTree ├── time-stamp@1.0.1
41 silly currentTree ├── timed-out@2.0.0
41 silly currentTree ├─┬ touch@1.0.0
41 silly currentTree │ └── nopt@1.0.10
41 silly currentTree ├── tough-cookie@2.2.2
41 silly currentTree ├── trim-newlines@1.0.0
41 silly currentTree ├── tunnel-agent@0.4.3
41 silly currentTree ├── tweetnacl@0.13.3
41 silly currentTree ├── type-is@1.6.12
41 silly currentTree ├── undefsafe@0.0.3
41 silly currentTree ├── unique-stream@1.0.0
41 silly currentTree ├── unpipe@1.0.0
41 silly currentTree ├─┬ update-notifier@0.5.0
41 silly currentTree │ └── repeating@1.1.3
41 silly currentTree ├── user-home@1.1.1
41 silly currentTree ├── util-deprecate@1.0.2
41 silly currentTree ├── utils-merge@1.0.0
41 silly currentTree ├── uuid@2.0.2
41 silly currentTree ├── v8flags@2.0.11
41 silly currentTree ├── validate-npm-package-license@3.0.1
41 silly currentTree ├── vary@1.0.1
41 silly currentTree ├── verror@1.3.6
41 silly currentTree ├─┬ vinyl-fs@0.3.14
41 silly currentTree │ ├── clone@0.2.0
41 silly currentTree │ ├── graceful-fs@3.0.8
41 silly currentTree │ ├── readable-stream@1.0.34
41 silly currentTree │ ├── strip-bom@1.0.0
41 silly currentTree │ ├── through2@0.6.5
41 silly currentTree │ └── vinyl@0.4.6
41 silly currentTree ├── vinyl-sourcemaps-apply@0.2.1
41 silly currentTree ├── vinyl@0.5.3
41 silly currentTree ├── which@1.2.8
41 silly currentTree ├── window-size@0.1.4
41 silly currentTree ├── wrap-ansi@2.0.0
41 silly currentTree ├── wrappy@1.0.2
41 silly currentTree ├── write-file-atomic@1.1.4
41 silly currentTree ├── xdg-basedir@2.0.0
41 silly currentTree ├── xtend@4.0.1
41 silly currentTree ├── y18n@3.2.1
41 silly currentTree ├── yallist@2.0.0
41 silly currentTree └── yargs@3.32.0
42 silly idealTree Website@1.0.0
42 silly idealTree ├── abbrev@1.0.7
42 silly idealTree ├── accepts@1.2.13
42 silly idealTree ├── ansi-regex@2.0.0
42 silly idealTree ├── ansi-styles@2.2.1
42 silly idealTree ├── ansi@0.3.1
42 silly idealTree ├── anymatch@1.3.0
42 silly idealTree ├── archy@1.0.0
42 silly idealTree ├─┬ are-we-there-yet@1.1.2
42 silly idealTree │ ├── isarray@1.0.0
42 silly idealTree │ └── readable-stream@2.1.2
42 silly idealTree ├── arr-diff@2.0.0
42 silly idealTree ├── arr-flatten@1.0.1
42 silly idealTree ├── array-differ@1.0.0
42 silly idealTree ├── array-find-index@1.0.1
42 silly idealTree ├── array-flatten@1.1.1
42 silly idealTree ├── array-index@1.0.0
42 silly idealTree ├── array-uniq@1.0.2
42 silly idealTree ├── array-unique@0.2.1
42 silly idealTree ├── arrify@1.0.1
42 silly idealTree ├── asn1@0.2.3
42 silly idealTree ├── assert-plus@0.2.0
42 silly idealTree ├── async-each@1.0.0
42 silly idealTree ├── async-foreach@0.1.3
42 silly idealTree ├── async@1.5.2
42 silly idealTree ├── aws-sign2@0.6.0
42 silly idealTree ├── aws4@1.4.1
42 silly idealTree ├── balanced-match@0.4.1
42 silly idealTree ├── basic-auth@1.0.3
42 silly idealTree ├── beeper@1.1.0
42 silly idealTree ├── binary-extensions@1.5.0
42 silly idealTree ├─┬ bl@1.1.2
42 silly idealTree │ ├── isarray@1.0.0
42 silly idealTree │ └── readable-stream@2.0.6
42 silly idealTree ├── block-stream@0.0.9
42 silly idealTree ├── bluebird@2.10.2
42 silly idealTree ├── body-parser@1.15.0
42 silly idealTree ├── boom@2.10.1
42 silly idealTree ├── bower@1.7.9
42 silly idealTree ├── brace-expansion@1.1.4
42 silly idealTree ├── braces@1.8.5
42 silly idealTree ├── bson@0.4.23
42 silly idealTree ├── buffer-shims@1.0.0
42 silly idealTree ├── builtin-modules@1.1.1
42 silly idealTree ├── bytes@2.2.0
42 silly idealTree ├── camelcase-keys@2.1.0
42 silly idealTree ├── camelcase@2.1.1
42 silly idealTree ├── caseless@0.11.0
42 silly idealTree ├── chalk@1.1.3
42 silly idealTree ├── chokidar@1.6.0
42 silly idealTree ├── cliui@3.2.0
42 silly idealTree ├── clone-stats@0.0.1
42 silly idealTree ├── clone@1.0.2
42 silly idealTree ├── code-point-at@1.0.0
42 silly idealTree ├── colors@1.1.2
42 silly idealTree ├── combined-stream@1.0.5
42 silly idealTree ├── commander@2.9.0
42 silly idealTree ├── concat-map@0.0.1
42 silly idealTree ├── concat-with-sourcemaps@1.0.4
42 silly idealTree ├─┬ configstore@1.4.0
42 silly idealTree │ └── object-assign@4.1.0
42 silly idealTree ├── content-disposition@0.5.1
42 silly idealTree ├── content-type@1.0.1
42 silly idealTree ├── convert-source-map@1.2.0
42 silly idealTree ├── cookie-signature@1.0.6
42 silly idealTree ├── cookie@0.1.5
42 silly idealTree ├── core-util-is@1.0.2
42 silly idealTree ├─┬ cross-spawn-async@2.2.2
42 silly idealTree │ └── lru-cache@4.0.1
42 silly idealTree ├── cryptiles@2.0.5
42 silly idealTree ├── d@0.1.1
42 silly idealTree ├─┬ dashdash@1.13.1
42 silly idealTree │ └── assert-plus@1.0.0
42 silly idealTree ├── dateformat@1.0.12
42 silly idealTree ├── debug@2.2.0
42 silly idealTree ├── decamelize@1.2.0
42 silly idealTree ├── deep-extend@0.4.1
42 silly idealTree ├── defaults@1.0.3
42 silly idealTree ├── delayed-stream@1.0.0
42 silly idealTree ├── delegates@1.0.0
42 silly idealTree ├── depd@1.1.0
42 silly idealTree ├── deprecated@0.0.1
42 silly idealTree ├── destroy@1.0.4
42 silly idealTree ├── dotenv@2.0.0
42 silly idealTree ├── duplexer@0.1.1
42 silly idealTree ├─┬ duplexer2@0.0.2
42 silly idealTree │ └── readable-stream@1.1.14
42 silly idealTree ├─┬ duplexify@3.4.3
42 silly idealTree │ ├── end-of-stream@1.0.0
42 silly idealTree │ ├── isarray@1.0.0
42 silly idealTree │ └── readable-stream@2.1.4
42 silly idealTree ├── ecc-jsbn@0.1.1
42 silly idealTree ├── ee-first@1.1.1
42 silly idealTree ├── end-of-stream@0.1.5
42 silly idealTree ├── error-ex@1.3.0
42 silly idealTree ├── es5-ext@0.10.11
42 silly idealTree ├── es6-iterator@2.0.0
42 silly idealTree ├── es6-promise@3.0.2
42 silly idealTree ├── es6-symbol@3.0.2
42 silly idealTree ├── escape-html@1.0.3
42 silly idealTree ├── escape-string-regexp@1.0.5
42 silly idealTree ├── etag@1.7.0
42 silly idealTree ├── event-stream@3.3.3
42 silly idealTree ├── expand-brackets@0.1.5
42 silly idealTree ├── expand-range@1.8.2
42 silly idealTree ├─┬ express@4.13.4
42 silly idealTree │ └── qs@4.0.0
42 silly idealTree ├── extend@2.0.1
42 silly idealTree ├── extglob@0.3.2
42 silly idealTree ├── extsprintf@1.0.2
42 silly idealTree ├── fancy-log@1.2.0
42 silly idealTree ├── filename-regex@2.0.0
42 silly idealTree ├── fill-range@2.2.3
42 silly idealTree ├── finalhandler@0.4.1
42 silly idealTree ├── find-index@0.1.1
42 silly idealTree ├── find-up@1.1.2
42 silly idealTree ├── findup-sync@0.3.0
42 silly idealTree ├── first-chunk-stream@1.0.0
42 silly idealTree ├── flagged-respawn@0.3.2
42 silly idealTree ├── for-in@0.1.5
42 silly idealTree ├── for-own@0.1.4
42 silly idealTree ├── forever-agent@0.6.1
42 silly idealTree ├── form-data@1.0.0-rc4
42 silly idealTree ├── forwarded@0.1.0
42 silly idealTree ├── fresh@0.3.0
42 silly idealTree ├── from@0.1.3
42 silly idealTree ├── fstream@1.0.9
42 silly idealTree ├── gauge@1.2.7
42 silly idealTree ├── gaze@0.5.2
42 silly idealTree ├── generate-function@2.0.0
42 silly idealTree ├── generate-object-property@1.2.0
42 silly idealTree ├── get-stdin@4.0.1
42 silly idealTree ├─┬ getpass@0.1.6
42 silly idealTree │ └── assert-plus@1.0.0
42 silly idealTree ├── glob-base@0.3.0
42 silly idealTree ├── glob-parent@2.0.0
42 silly idealTree ├─┬ glob-stream@3.1.18
42 silly idealTree │ ├── glob@4.5.3
42 silly idealTree │ ├── minimatch@2.0.10
42 silly idealTree │ ├── readable-stream@1.0.34
42 silly idealTree │ └── through2@0.6.5
42 silly idealTree ├── glob-watcher@0.0.6
42 silly idealTree ├── glob@5.0.15
42 silly idealTree ├── glob2base@0.0.12
42 silly idealTree ├─┬ globule@0.1.0
42 silly idealTree │ ├── glob@3.1.21
42 silly idealTree │ ├── graceful-fs@1.2.3
42 silly idealTree │ ├── inherits@1.0.2
42 silly idealTree │ └── minimatch@0.2.14
42 silly idealTree ├── glogg@1.0.0
42 silly idealTree ├── got@3.3.1
42 silly idealTree ├── graceful-fs@4.1.4
42 silly idealTree ├── graceful-readlink@1.0.1
42 silly idealTree ├─┬ gulp-concat@2.6.0
42 silly idealTree │ ├── readable-stream@1.0.34
42 silly idealTree │ └── through2@0.6.5
42 silly idealTree ├── gulp-nodemon@2.1.0
42 silly idealTree ├── gulp-plumber@1.1.0
42 silly idealTree ├─┬ gulp-sass@2.3.1
42 silly idealTree │ └── object-assign@4.1.0
42 silly idealTree ├─┬ gulp-sourcemaps@1.6.0
42 silly idealTree │ └── vinyl@1.1.1
42 silly idealTree ├── gulp-util@3.0.7
42 silly idealTree ├─┬ gulp@3.9.1
42 silly idealTree │ └── semver@4.3.6
42 silly idealTree ├── gulplog@1.0.0
42 silly idealTree ├── har-validator@2.0.6
42 silly idealTree ├── has-ansi@2.0.0
42 silly idealTree ├── has-gulplog@0.1.0
42 silly idealTree ├── has-unicode@2.0.0
42 silly idealTree ├── hawk@3.1.3
42 silly idealTree ├── hoek@2.16.3
42 silly idealTree ├── hooks-fixed@1.1.0
42 silly idealTree ├── hosted-git-info@2.1.5
42 silly idealTree ├── http-errors@1.4.0
42 silly idealTree ├── http-signature@1.1.1
42 silly idealTree ├── iconv-lite@0.4.13
42 silly idealTree ├── ignore-by-default@1.0.1
42 silly idealTree ├── imurmurhash@0.1.4
42 silly idealTree ├── in-publish@2.0.0
42 silly idealTree ├── indent-string@2.1.0
42 silly idealTree ├── infinity-agent@2.0.3
42 silly idealTree ├── inflight@1.0.5
42 silly idealTree ├── inherits@2.0.1
42 silly idealTree ├── ini@1.3.4
42 silly idealTree ├── interpret@1.0.1
42 silly idealTree ├── invert-kv@1.0.0
42 silly idealTree ├── ipaddr.js@1.0.5
42 silly idealTree ├── is-absolute@0.1.7
42 silly idealTree ├── is-arrayish@0.2.1
42 silly idealTree ├── is-binary-path@1.0.1
42 silly idealTree ├── is-buffer@1.1.3
42 silly idealTree ├── is-builtin-module@1.0.0
42 silly idealTree ├── is-dotfile@1.0.2
42 silly idealTree ├── is-equal-shallow@0.1.3
42 silly idealTree ├── is-extendable@0.1.1
42 silly idealTree ├── is-extglob@1.0.0
42 silly idealTree ├── is-finite@1.0.1
42 silly idealTree ├── is-fullwidth-code-point@1.0.0
42 silly idealTree ├── is-glob@2.0.1
42 silly idealTree ├── is-my-json-valid@2.13.1
42 silly idealTree ├── is-npm@1.0.0
42 silly idealTree ├── is-number@2.1.0
42 silly idealTree ├── is-posix-bracket@0.1.1
42 silly idealTree ├── is-primitive@2.0.0
42 silly idealTree ├── is-property@1.0.2
42 silly idealTree ├── is-redirect@1.0.0
42 silly idealTree ├── is-relative@0.1.3
42 silly idealTree ├── is-stream@1.1.0
42 silly idealTree ├── is-typedarray@1.0.0
42 silly idealTree ├── is-utf8@0.2.1
42 silly idealTree ├── isarray@0.0.1
42 silly idealTree ├── isexe@1.1.2
42 silly idealTree ├─┬ isobject@2.1.0
42 silly idealTree │ └── isarray@1.0.0
42 silly idealTree ├── isstream@0.1.2
42 silly idealTree ├── jodid25519@1.0.2
42 silly idealTree ├── jsbn@0.1.0
42 silly idealTree ├── json-schema@0.2.2
42 silly idealTree ├── json-stringify-safe@5.0.1
42 silly idealTree ├── jsonpointer@2.0.0
42 silly idealTree ├── jsprim@1.2.2
42 silly idealTree ├── kareem@1.0.1
42 silly idealTree ├── kind-of@3.0.3
42 silly idealTree ├── latest-version@1.0.1
42 silly idealTree ├── lcid@1.0.0
42 silly idealTree ├── liftoff@2.2.1
42 silly idealTree ├── load-json-file@1.1.0
42 silly idealTree ├── lodash._baseassign@3.2.0
42 silly idealTree ├── lodash._basecopy@3.0.1
42 silly idealTree ├── lodash._baseslice@4.0.0
42 silly idealTree ├── lodash._basetostring@3.0.1
42 silly idealTree ├── lodash._basevalues@3.0.0
42 silly idealTree ├── lodash._bindcallback@3.0.1
42 silly idealTree ├── lodash._createassigner@3.1.1
42 silly idealTree ├── lodash._getnative@3.9.1
42 silly idealTree ├── lodash._isiterateecall@3.0.9
42 silly idealTree ├── lodash._reescape@3.0.0
42 silly idealTree ├── lodash._reevaluate@3.0.0
42 silly idealTree ├── lodash._reinterpolate@3.0.0
42 silly idealTree ├── lodash._root@3.0.1
42 silly idealTree ├── lodash.assign@3.2.0
42 silly idealTree ├── lodash.defaults@3.1.2
42 silly idealTree ├── lodash.escape@3.2.0
42 silly idealTree ├── lodash.isarguments@3.0.8
42 silly idealTree ├── lodash.isarray@3.0.4
42 silly idealTree ├── lodash.keys@3.1.2
42 silly idealTree ├─┬ lodash.pad@4.4.0
42 silly idealTree │ └── lodash._basetostring@4.12.0
42 silly idealTree ├─┬ lodash.padend@4.5.0
42 silly idealTree │ └── lodash._basetostring@4.12.0
42 silly idealTree ├─┬ lodash.padstart@4.5.0
42 silly idealTree │ └── lodash._basetostring@4.12.0
42 silly idealTree ├── lodash.restparam@3.6.1
42 silly idealTree ├── lodash.template@3.6.2
42 silly idealTree ├── lodash.templatesettings@3.1.1
42 silly idealTree ├── lodash.tostring@4.1.3
42 silly idealTree ├── lodash@1.0.2
42 silly idealTree ├── loud-rejection@1.3.0
42 silly idealTree ├── lowercase-keys@1.0.0
42 silly idealTree ├── lru-cache@2.7.3
42 silly idealTree ├── map-obj@1.0.1
42 silly idealTree ├── map-stream@0.1.0
42 silly idealTree ├── media-typer@0.3.0
42 silly idealTree ├─┬ meow@3.7.0
42 silly idealTree │ └── object-assign@4.1.0
42 silly idealTree ├── merge-descriptors@1.0.1
42 silly idealTree ├── methods@1.1.2
42 silly idealTree ├── micromatch@2.3.10
42 silly idealTree ├── mime-db@1.22.0
42 silly idealTree ├── mime-types@2.1.10
42 silly idealTree ├── mime@1.3.4
42 silly idealTree ├── minimatch@3.0.0
42 silly idealTree ├── minimist@1.2.0
42 silly idealTree ├─┬ mkdirp@0.5.1
42 silly idealTree │ └── minimist@0.0.8
42 silly idealTree ├── mongodb-core@1.3.18
42 silly idealTree ├── mongodb@2.1.18
42 silly idealTree ├── mongoose@4.4.15
42 silly idealTree ├── morgan@1.7.0
42 silly idealTree ├── mpath@0.2.1
42 silly idealTree ├── mpromise@0.5.5
42 silly idealTree ├─┬ mquery@1.10.0
42 silly idealTree │ └── sliced@0.0.5
42 silly idealTree ├── ms@0.7.1
42 silly idealTree ├── multipipe@0.1.2
42 silly idealTree ├── muri@1.1.0
42 silly idealTree ├── nan@2.3.3
42 silly idealTree ├── negotiator@0.5.3
42 silly idealTree ├── nested-error-stacks@1.0.2
42 silly idealTree ├─┬ node-gyp@3.3.1
42 silly idealTree │ ├─┬ glob@4.5.3
42 silly idealTree │ │ └── minimatch@2.0.10
42 silly idealTree │ └── minimatch@1.0.0
42 silly idealTree ├─┬ node-sass@3.7.0
42 silly idealTree │ ├── gaze@1.0.0
42 silly idealTree │ ├─┬ glob@7.0.3
42 silly idealTree │ │ └── minimatch@3.0.0
42 silly idealTree │ ├─┬ globule@0.2.0
42 silly idealTree │ │ └─┬ glob@3.2.11
42 silly idealTree │ │   └── minimatch@0.3.0
42 silly idealTree │ ├── lodash@2.4.2
42 silly idealTree │ └── minimatch@0.2.14
42 silly idealTree ├── node-uuid@1.4.7
42 silly idealTree ├── nodemon@1.9.2
42 silly idealTree ├── nopt@3.0.6
42 silly idealTree ├── normalize-package-data@2.3.5
42 silly idealTree ├── normalize-path@2.0.1
42 silly idealTree ├── npmlog@2.0.3
42 silly idealTree ├── number-is-nan@1.0.0
42 silly idealTree ├── oauth-sign@0.8.2
42 silly idealTree ├── object-assign@3.0.0
42 silly idealTree ├── object.omit@2.0.0
42 silly idealTree ├── on-finished@2.3.0
42 silly idealTree ├── on-headers@1.0.1
42 silly idealTree ├── once@1.3.3
42 silly idealTree ├── orchestrator@0.3.7
42 silly idealTree ├── ordered-read-streams@0.1.0
42 silly idealTree ├── os-homedir@1.0.1
42 silly idealTree ├── os-locale@1.4.0
42 silly idealTree ├── os-tmpdir@1.0.1
42 silly idealTree ├── osenv@0.1.3
42 silly idealTree ├── package-json@1.2.0
42 silly idealTree ├── parse-glob@3.0.4
42 silly idealTree ├── parse-json@2.2.0
42 silly idealTree ├── parseurl@1.3.1
42 silly idealTree ├── path-array@1.0.1
42 silly idealTree ├── path-exists@2.1.0
42 silly idealTree ├── path-is-absolute@1.0.0
42 silly idealTree ├── path-to-regexp@0.1.7
42 silly idealTree ├── path-type@1.1.0
42 silly idealTree ├── pause-stream@0.0.11
42 silly idealTree ├── pify@2.3.0
42 silly idealTree ├── pinkie-promise@2.0.1
42 silly idealTree ├── pinkie@2.0.4
42 silly idealTree ├── prepend-http@1.0.4
42 silly idealTree ├── preserve@0.2.0
42 silly idealTree ├── pretty-hrtime@1.0.2
42 silly idealTree ├── process-nextick-args@1.0.7
42 silly idealTree ├── proxy-addr@1.0.10
42 silly idealTree ├── ps-tree@1.1.0
42 silly idealTree ├── pseudomap@1.0.2
42 silly idealTree ├── qs@6.1.0
42 silly idealTree ├── randomatic@1.1.5
42 silly idealTree ├── range-parser@1.0.3
42 silly idealTree ├─┬ raw-body@2.1.6
42 silly idealTree │ └── bytes@2.3.0
42 silly idealTree ├── rc@1.1.6
42 silly idealTree ├─┬ read-all-stream@3.1.0
42 silly idealTree │ ├── isarray@1.0.0
42 silly idealTree │ └── readable-stream@2.1.4
42 silly idealTree ├── read-pkg-up@1.0.1
42 silly idealTree ├── read-pkg@1.1.0
42 silly idealTree ├── readable-stream@1.0.31
42 silly idealTree ├─┬ readdirp@2.1.0
42 silly idealTree │ ├── isarray@1.0.0
42 silly idealTree │ ├── minimatch@3.0.2
42 silly idealTree │ └── readable-stream@2.1.4
42 silly idealTree ├── rechoir@0.6.2
42 silly idealTree ├── redent@1.0.0
42 silly idealTree ├── regex-cache@0.4.3
42 silly idealTree ├── regexp-clone@0.0.1
42 silly idealTree ├── registry-url@3.1.0
42 silly idealTree ├── repeat-element@1.1.2
42 silly idealTree ├── repeat-string@1.5.4
42 silly idealTree ├── repeating@2.0.1
42 silly idealTree ├── replace-ext@0.0.1
42 silly idealTree ├─┬ request@2.72.0
42 silly idealTree │ └── extend@3.0.0
42 silly idealTree ├── require_optional@1.0.0
42 silly idealTree ├── resolve-from@2.0.0
42 silly idealTree ├── resolve@1.1.7
42 silly idealTree ├─┬ rimraf@2.5.2
42 silly idealTree │ └── glob@7.0.3
42 silly idealTree ├─┬ sass-graph@2.1.1
42 silly idealTree │ ├── glob@6.0.4
42 silly idealTree │ └── lodash@4.12.0
42 silly idealTree ├── semver-diff@2.1.0
42 silly idealTree ├── semver@5.1.0
42 silly idealTree ├─┬ send@0.13.1
42 silly idealTree │ └── http-errors@1.3.1
42 silly idealTree ├── sequencify@0.0.7
42 silly idealTree ├── serve-static@1.10.2
42 silly idealTree ├── set-immediate-shim@1.0.1
42 silly idealTree ├── sigmund@1.0.1
42 silly idealTree ├── signal-exit@2.1.2
42 silly idealTree ├── sliced@1.0.1
42 silly idealTree ├── slide@1.1.6
42 silly idealTree ├── sntp@1.0.9
42 silly idealTree ├── source-map@0.5.6
42 silly idealTree ├── sparkles@1.0.0
42 silly idealTree ├── spdx-correct@1.0.2
42 silly idealTree ├── spdx-exceptions@1.0.4
42 silly idealTree ├── spdx-expression-parse@1.0.2
42 silly idealTree ├── spdx-license-ids@1.2.1
42 silly idealTree ├── split@0.3.3
42 silly idealTree ├─┬ sshpk@1.8.3
42 silly idealTree │ └── assert-plus@1.0.0
42 silly idealTree ├── statuses@1.2.1
42 silly idealTree ├── stream-combiner@0.0.4
42 silly idealTree ├── stream-consume@0.1.0
42 silly idealTree ├── string_decoder@0.10.31
42 silly idealTree ├── string-length@1.0.1
42 silly idealTree ├── string-width@1.0.1
42 silly idealTree ├── stringstream@0.0.5
42 silly idealTree ├── strip-ansi@3.0.1
42 silly idealTree ├── strip-bom@2.0.0
42 silly idealTree ├── strip-indent@1.0.1
42 silly idealTree ├── strip-json-comments@1.0.4
42 silly idealTree ├── supports-color@2.0.0
42 silly idealTree ├── tar@2.2.1
42 silly idealTree ├── through@2.3.8
42 silly idealTree ├─┬ through2@2.0.1
42 silly idealTree │ ├── isarray@1.0.0
42 silly idealTree │ └── readable-stream@2.0.6
42 silly idealTree ├── tildify@1.2.0
42 silly idealTree ├── time-stamp@1.0.1
42 silly idealTree ├── timed-out@2.0.0
42 silly idealTree ├─┬ touch@1.0.0
42 silly idealTree │ └── nopt@1.0.10
42 silly idealTree ├── tough-cookie@2.2.2
42 silly idealTree ├── trim-newlines@1.0.0
42 silly idealTree ├── tunnel-agent@0.4.3
42 silly idealTree ├── tweetnacl@0.13.3
42 silly idealTree ├── type-is@1.6.12
42 silly idealTree ├── undefsafe@0.0.3
42 silly idealTree ├── unique-stream@1.0.0
42 silly idealTree ├── unpipe@1.0.0
42 silly idealTree ├─┬ update-notifier@0.5.0
42 silly idealTree │ └── repeating@1.1.3
42 silly idealTree ├── user-home@1.1.1
42 silly idealTree ├── util-deprecate@1.0.2
42 silly idealTree ├── utils-merge@1.0.0
42 silly idealTree ├── uuid@2.0.2
42 silly idealTree ├── v8flags@2.0.11
42 silly idealTree ├── validate-npm-package-license@3.0.1
42 silly idealTree ├── vary@1.0.1
42 silly idealTree ├── verror@1.3.6
42 silly idealTree ├─┬ vinyl-fs@0.3.14
42 silly idealTree │ ├── clone@0.2.0
42 silly idealTree │ ├── graceful-fs@3.0.8
42 silly idealTree │ ├── readable-stream@1.0.34
42 silly idealTree │ ├── strip-bom@1.0.0
42 silly idealTree │ ├── through2@0.6.5
42 silly idealTree │ └── vinyl@0.4.6
42 silly idealTree ├── vinyl-sourcemaps-apply@0.2.1
42 silly idealTree ├── vinyl@0.5.3
42 silly idealTree ├── which@1.2.8
42 silly idealTree ├── window-size@0.1.4
42 silly idealTree ├── wrap-ansi@2.0.0
42 silly idealTree ├── wrappy@1.0.2
42 silly idealTree ├── write-file-atomic@1.1.4
42 silly idealTree ├── xdg-basedir@2.0.0
42 silly idealTree ├── xtend@4.0.1
42 silly idealTree ├── y18n@3.2.1
42 silly idealTree ├── yallist@2.0.0
42 silly idealTree └── yargs@3.32.0
43 silly generateActionsToTake Starting
44 silly install generateActionsToTake
45 silly generateActionsToTake Finishing
46 silly diffTrees action count 0
47 silly decomposeActions action count 0
48 silly executeActions Starting
49 silly install executeActions
50 silly doSerial global-install 0
51 silly doParallel fetch 0
52 verbose correctMkdir /home/david/.npm/_locks correctMkdir not in flight; initializing
53 verbose lock using /home/david/.npm/_locks/staging-16ec7b33d6bf8946.lock for /home/david/Personal_Projects/Website/node_modules/.staging
54 silly doParallel extract 0
55 silly doParallel preinstall 0
56 silly doReverseSerial remove 0
57 silly doSerial move 0
58 silly doSerial finalize 0
59 silly doSerial build 0
60 silly doSerial global-link 0
61 silly doParallel update-linked 0
62 silly doSerial install 0
63 silly doSerial postinstall 0
64 verbose unlock done using /home/david/.npm/_locks/staging-16ec7b33d6bf8946.lock for /home/david/Personal_Projects/Website/node_modules/.staging
65 silly executeActions Finishing
66 silly rollbackFailedOptional Starting
67 silly rollbackFailedOptional Finishing
68 silly runTopLevelLifecycles Starting
69 silly install runTopLevelLifecycles
70 silly preinstall Website@1.0.0 /home/david/Personal_Projects/Website/Website-77359b23
71 info lifecycle Website@1.0.0~preinstall: Website@1.0.0
72 silly lifecycle Website@1.0.0~preinstall: no script for preinstall, continuing
73 silly build Website@1.0.0
74 info linkStuff Website@1.0.0
75 silly linkStuff Website@1.0.0 has /home/david/Personal_Projects as its parent node_modules
76 verbose linkBins Website@1.0.0
77 verbose linkMans Website@1.0.0
78 silly install Website@1.0.0 /home/david/Personal_Projects/Website/Website-77359b23
79 info lifecycle Website@1.0.0~install: Website@1.0.0
80 silly lifecycle Website@1.0.0~install: no script for install, continuing
81 silly postinstall Website@1.0.0 /home/david/Personal_Projects/Website/Website-77359b23
82 info lifecycle Website@1.0.0~postinstall: Website@1.0.0
83 verbose lifecycle Website@1.0.0~postinstall: unsafe-perm in lifecycle true
84 verbose lifecycle Website@1.0.0~postinstall: PATH: /home/david/.nvm/versions/node/v5.10.1/lib/node_modules/npm/bin/node-gyp-bin:/home/david/Personal_Projects/Website/node_modules/.bin:/home/david/.nvm/versions/node/v5.10.1/bin:/usr/local/heroku/bin:/home/david/.nvm/versions/node/v5.10.1/bin:/usr/local/sbin:/usr/local/bin:/usr/sbin:/usr/bin:/sbin:/bin:/usr/games:/usr/local/games
85 verbose lifecycle Website@1.0.0~postinstall: CWD: /home/david/Personal_Projects/Website
86 silly lifecycle Website@1.0.0~postinstall: Args: [ '-c', 'sudo bower i --allow-root && gulp build' ]
87 silly lifecycle Website@1.0.0~postinstall: Returned: code: 1  signal: null
88 info lifecycle Website@1.0.0~postinstall: Failed to exec postinstall script
89 warn optional Skipping failed optional dependency /chokidar/fsevents:
90 warn notsup Not compatible with your operating system or architecture: fsevents@1.0.12
91 warn Website@1.0.0 No description
92 warn Website@1.0.0 No repository field.
93 verbose stack Error: Website@1.0.0 postinstall: `sudo bower i --allow-root && gulp build`
93 verbose stack Exit status 1
93 verbose stack     at EventEmitter.<anonymous> (/home/david/.nvm/versions/node/v5.10.1/lib/node_modules/npm/lib/utils/lifecycle.js:239:16)
93 verbose stack     at emitTwo (events.js:100:13)
93 verbose stack     at EventEmitter.emit (events.js:185:7)
93 verbose stack     at ChildProcess.<anonymous> (/home/david/.nvm/versions/node/v5.10.1/lib/node_modules/npm/lib/utils/spawn.js:24:14)
93 verbose stack     at emitTwo (events.js:100:13)
93 verbose stack     at ChildProcess.emit (events.js:185:7)
93 verbose stack     at maybeClose (internal/child_process.js:850:16)
93 verbose stack     at Process.ChildProcess._handle.onexit (internal/child_process.js:215:5)
94 verbose pkgid Website@1.0.0
95 verbose cwd /home/david/Personal_Projects/Website
96 error Linux 4.2.0-41-generic
97 error argv "/home/david/.nvm/versions/node/v5.10.1/bin/node" "/home/david/.nvm/versions/node/v5.10.1/bin/npm" "i"
98 error node v5.10.1
99 error npm  v3.8.3
100 error code ELIFECYCLE
101 error Website@1.0.0 postinstall: `sudo bower i --allow-root && gulp build`
101 error Exit status 1
102 error Failed at the Website@1.0.0 postinstall script 'sudo bower i --allow-root && gulp build'.
102 error Make sure you have the latest version of node.js and npm installed.
102 error If you do, this is most likely a problem with the Website package,
102 error not with npm itself.
102 error Tell the author that this fails on your system:
102 error     sudo bower i --allow-root && gulp build
102 error You can get information on how to open an issue for this project with:
102 error     npm bugs Website
102 error Or if that isn't available, you can get their info via:
102 error     npm owner ls Website
102 error There is likely additional logging output above.
103 verbose exit [ 1, true ]
